2021-01-11 00:41:55,464:INFO:test posted to blog named Norse methology
2021-01-11 00:43:20,101:INFO:test just logged in
2021-01-11 00:43:28,191:INFO:test posted to blog named Norse methology
2021-01-11 00:47:46,407:INFO:test just logged in
2021-01-11 00:48:18,357:INFO:test posted to blog named Norse methology
2021-01-11 00:48:22,419:INFO:test posted to blog named My first post
2021-01-11 00:52:48,095:INFO:test posted to blog named Norse methology
2021-01-11 00:55:01,935:INFO:test failed to post
2021-01-11 00:56:12,594:INFO:test posted to blog named Norse methology
2021-01-11 00:59:34,313:INFO:test posted to blog named Norse methology
2021-01-11 00:59:50,323:INFO:test posted to blog named Norse methology
2021-01-11 00:59:50,323:DEBUG:test posted to blog named Norse methology
2021-01-11 01:02:55,466:INFO:test posted to blog named Norse methology
2021-01-11 01:02:55,467:DEBUG:test posted to blog named Norse methology
2021-01-11 01:03:01,582:INFO:test posted to blog named My first post
2021-01-11 01:03:01,583:DEBUG:test posted to blog named My first post
2021-01-11 01:28:11,601:INFO:test just logged in
2021-01-11 01:28:19,522:WARNING:test failed to login
2021-01-11 01:30:03,376:WARNING:email failed to login
2021-01-11 01:31:46,741:WARNING:An attemp to login has failed .
2021-01-11 01:32:03,420:WARNING:An attemp to login has failed .
2021-01-11 01:32:37,986:INFO:test just logged in
2021-01-11 01:33:09,314:INFO:test logged out.
2021-01-11 01:35:54,313:WARNING:A failed registeration attempt has occured.
2021-01-11 01:36:07,708:WARNING:A failed registeration attempt has occured.
2021-01-11 01:36:19,241:WARNING:A failed registeration attempt has occured.
2021-01-11 01:36:23,859:WARNING:A failed registeration attempt has occured.
2021-01-11 01:36:56,964:INFO:An account has been created with username: vasquez
2021-01-11 01:37:10,168:INFO:vasquez just logged in
2021-01-11 01:38:57,580:INFO:vasquez posted to blog named adfadf
2021-01-11 01:39:17,779:DEBUG:vasquez failed to post to blog
2021-01-11 01:40:54,244:DEBUG:vasquez failed to create a new blog
2021-01-11 01:41:07,125:INFO:vasquez created a new blog
2021-01-11 01:41:12,641:INFO:vasquez logged out.
2021-01-11 01:41:19,643:INFO:test just logged in
2021-01-11 01:45:52,055:INFO:test followed a blog
2021-01-11 01:45:59,088:INFO:test unfollowed a blog
2021-01-11 01:46:02,177:INFO:test unfollowed a blog
2021-01-11 01:46:12,765:INFO:test deleted a post.
2021-01-11 01:46:17,590:INFO:test updated a post.
2021-01-11 01:46:26,313:INFO:test deleted a post.
2021-01-11 01:46:32,794:INFO:test deleted a post.
2021-01-11 01:55:47,564:INFO:test deleted a post.
2021-01-15 16:54:10,874:WARNING:An attemp to login has failed .
2021-01-15 16:54:21,625:WARNING:An attemp to login has failed .
2021-01-15 16:54:28,824:WARNING:An attemp to login has failed .
2021-01-15 16:54:34,645:INFO:test just logged in
2021-01-15 16:56:14,103:INFO:test followed a blog
2021-01-15 16:56:21,841:INFO:test unfollowed a blog
2021-01-15 16:57:23,357:INFO:test followed a blog
2021-01-15 16:57:27,846:INFO:test unfollowed a blog
<<<<<<< HEAD
=======
2021-01-15 17:31:12,591:INFO:test posted to blog named Norse methology
2021-01-15 20:19:41,820:WARNING:An attemp to login has failed .
2021-01-15 20:19:54,990:WARNING:An attemp to login has failed .
2021-01-15 20:20:03,725:WARNING:An attemp to login has failed .
2021-01-15 20:20:11,427:WARNING:An attemp to login has failed .
2021-01-15 20:20:19,799:INFO:test just logged in
2021-01-15 22:26:34,463:INFO:test just logged in
2021-01-16 01:05:34,495:INFO:test created a new blog
2021-01-16 01:09:57,187:INFO:test created a new blog
2021-01-16 01:10:05,020:INFO:test created a new blog
2021-01-16 01:11:41,151:INFO:test created a new blog
2021-01-16 01:11:46,925:INFO:test created a new blog
2021-01-16 01:14:14,240:INFO:test followed a blog
>>>>>>> 5afa3141bc3ad239c80568011e35ab82e8fddce4
2021-01-16 02:18:46,972:WARNING:A failed registeration attempt has occured.
2021-01-16 02:18:55,590:INFO:An account has been created with username: test
2021-01-16 02:19:00,983:INFO:test just logged in
2021-01-16 02:20:42,107:INFO:test created a new blog
2021-01-16 02:20:48,863:INFO:test posted to blog named ffdd
2021-01-16 15:04:46,420:WARNING:An attemp to login has failed .
2021-01-16 15:04:57,804:INFO:test just logged in
2021-01-16 15:14:54,457:INFO:test followed a blog
2021-01-16 15:14:57,963:INFO:test unfollowed a blog
2021-01-16 15:19:09,379:INFO:test posted to blog named ffdd
2021-01-16 15:22:25,045:INFO:test created a new blog
2021-01-16 15:22:33,926:INFO:test posted to blog named ffdd
2021-01-16 15:22:40,626:INFO:test posted to blog named how
2021-01-16 15:25:40,118:INFO:test created a new blog
2021-01-16 15:58:47,122:INFO:test created a new blog
2021-01-16 16:30:48,829:INFO:test logged out.
2021-01-16 16:30:50,402:WARNING:A failed registeration attempt has occured.
2021-01-16 16:31:06,710:WARNING:A failed registeration attempt has occured.
2021-01-16 16:31:22,036:INFO:An account has been created with username: omar
2021-01-16 16:31:29,556:INFO:omar just logged in
2021-01-16 16:31:44,396:INFO:omar created a new blog
2021-01-16 18:03:11,775:INFO:omar created a new blog
2021-01-16 18:03:31,948:INFO:omar posted to blog named lmao
2021-01-16 18:03:35,688:INFO:omar deleted a post.
2021-01-16 18:30:42,811:WARNING:A failed registeration attempt has occured.
2021-01-16 18:30:50,609:INFO:An account has been created with username: test
2021-01-16 18:30:58,460:INFO:test just logged in
2021-01-16 18:31:15,031:INFO:test logged out.
2021-01-16 18:31:16,606:WARNING:A failed registeration attempt has occured.
2021-01-16 18:31:32,760:INFO:An account has been created with username: email
2021-01-16 18:31:37,817:INFO:email just logged in
2021-01-16 18:31:47,482:INFO:email created a new blog
2021-01-16 18:31:54,668:INFO:email posted to blog named this is a blog
2021-01-16 19:12:03,208:INFO:email logged out.
2021-01-16 19:12:10,694:INFO:email just logged in
2021-01-16 19:12:16,865:INFO:email logged out.
2021-01-16 19:12:21,778:INFO:test just logged in
2021-01-16 19:12:27,781:INFO:test followed a blog
2021-01-16 19:12:28,814:INFO:test unfollowed a blog
2021-01-16 19:24:13,064:INFO:test liked a post
2021-01-16 19:24:35,872:INFO:test liked a post
2021-01-16 19:25:06,984:INFO:test liked a post
2021-01-16 19:25:32,553:INFO:test followed a blog
2021-01-16 19:25:40,879:INFO:test unliked a post
2021-01-16 19:25:44,636:INFO:test liked a post
2021-01-16 19:25:45,834:INFO:test unliked a post
2021-01-16 19:25:46,417:INFO:test liked a post
2021-01-16 19:25:46,970:INFO:test unliked a post
2021-01-16 19:25:47,393:INFO:test liked a post
2021-01-16 19:26:16,128:INFO:test liked a post
2021-01-16 19:26:19,546:INFO:test unliked a post
2021-01-16 19:26:22,483:INFO:test liked a post
